<?xml version="1.0" encoding="UTF-8"?>
<!-- Generated by org.testng.reporters.JUnitReportReporter -->
<testsuite hostname="ZIBTEK" failures="0" tests="1" name="Testing.FastraxCP.LandingPage_Elements" time="4.437" errors="0" timestamp="2023-01-25T15:38:47 IST" skipped="0">
  <testcase classname="Testing.FastraxCP.LandingPage_Elements" name="launch" time="4.437"/>
  <system-out/>
</testsuite> <!-- Testing.FastraxCP.LandingPage_Elements -->
